1619910861317	geckodriver	INFO	Listening on 127.0.0.1:57758
1619910862328	mozrunner::runner	INFO	Running command: "/Applications/Firefox.app/Contents/MacOS/firefox-bin" "--marionette" "-foreground" "-no-remote" "-profile" "/var/folders/2w/54np24wx4pg2k7pqhh8cpjyc0000gn/T/rust_mozprofileP6NPzh"
1619910865720	Marionette	INFO	Marionette enabled
2021-05-02 01:14:26.851 firefox-bin[16129:223238] Warning: Expected min height of view: (<NSButton: 0x13112e000>) to be less than or equal to 30 but got a height of 32.000000. This error will be logged once per view in violation.
2021-05-02 01:14:26.851 firefox-bin[16129:223238] Warning: Expected min height of view: (<NSButton: 0x13b5bd800>) to be less than or equal to 30 but got a height of 32.000000. This error will be logged once per view in violation.
2021-05-02 01:14:26.852 firefox-bin[16129:223238] Warning: Expected min height of view: (<NSButton: 0x13b5c0c00>) to be less than or equal to 30 but got a height of 32.000000. This error will be logged once per view in violation.
2021-05-02 01:14:26.853 firefox-bin[16129:223238] Warning: Expected min height of view: (<NSButton: 0x13b5bf800>) to be less than or equal to 30 but got a height of 32.000000. This error will be logged once per view in violation.
2021-05-02 01:14:26.853 firefox-bin[16129:223238] Warning: Expected min height of view: (<NSButton: 0x13b5bb800>) to be less than or equal to 30 but got a height of 32.000000. This error will be logged once per view in violation.
2021-05-02 01:14:26.854 firefox-bin[16129:223238] Warning: Expected min height of view: (<NSPopoverTouchBarItemButton: 0x13b5bfc00>) to be less than or equal to 30 but got a height of 32.000000. This error will be logged once per view in violation.
2021-05-02 01:14:26.855 firefox-bin[16129:223238] Warning: Expected min height of view: (<NSPopoverTouchBarItemButton: 0x13b6d2800>) to be less than or equal to 30 but got a height of 32.000000. This error will be logged once per view in violation.
console.warn: SearchSettings: "get: No settings file exists, new profile?" (new Error("", "(unknown module)"))
1619910868234	Marionette	INFO	Listening on port 57769
1619910868251	Marionette	WARN	TLS certificate errors will be ignored for this session
1619914041332	Marionette	INFO	Stopped listening on port 57769

###!!! [Parent][RunMessage] Error: Channel closing: too late to send/recv, messages will be lost

1619914075929	geckodriver	INFO	Listening on 127.0.0.1:58660
1619914076930	mozrunner::runner	INFO	Running command: "/Applications/Firefox.app/Contents/MacOS/firefox-bin" "--marionette" "-foreground" "-no-remote" "-profile" "/var/folders/2w/54np24wx4pg2k7pqhh8cpjyc0000gn/T/rust_mozprofile4PbtL7"
1619914077354	Marionette	INFO	Marionette enabled
2021-05-02 02:07:58.247 firefox-bin[16677:234217] Warning: Expected min height of view: (<NSButton: 0x13e704000>) to be less than or equal to 30 but got a height of 32.000000. This error will be logged once per view in violation.
2021-05-02 02:07:58.247 firefox-bin[16677:234217] Warning: Expected min height of view: (<NSButton: 0x13e702800>) to be less than or equal to 30 but got a height of 32.000000. This error will be logged once per view in violation.
2021-05-02 02:07:58.248 firefox-bin[16677:234217] Warning: Expected min height of view: (<NSButton: 0x13e704c00>) to be less than or equal to 30 but got a height of 32.000000. This error will be logged once per view in violation.
2021-05-02 02:07:58.248 firefox-bin[16677:234217] Warning: Expected min height of view: (<NSButton: 0x13e708400>) to be less than or equal to 30 but got a height of 32.000000. This error will be logged once per view in violation.
2021-05-02 02:07:58.249 firefox-bin[16677:234217] Warning: Expected min height of view: (<NSButton: 0x13e709400>) to be less than or equal to 30 but got a height of 32.000000. This error will be logged once per view in violation.
2021-05-02 02:07:58.250 firefox-bin[16677:234217] Warning: Expected min height of view: (<NSPopoverTouchBarItemButton: 0x13e706800>) to be less than or equal to 30 but got a height of 32.000000. This error will be logged once per view in violation.
2021-05-02 02:07:58.250 firefox-bin[16677:234217] Warning: Expected min height of view: (<NSPopoverTouchBarItemButton: 0x13ec0e400>) to be less than or equal to 30 but got a height of 32.000000. This error will be logged once per view in violation.
console.warn: SearchSettings: "get: No settings file exists, new profile?" (new Error("", "(unknown module)"))
1619914079221	Marionette	INFO	Listening on port 58671
1619914079287	Marionette	WARN	TLS certificate errors will be ignored for this session
1619914172272	Marionette	INFO	Stopped listening on port 58671

###!!! [Parent][RunMessage] Error: Channel closing: too late to send/recv, messages will be lost

1619916052415	geckodriver	INFO	Listening on 127.0.0.1:61214
1619916053421	mozrunner::runner	INFO	Running command: "/Applications/Firefox.app/Contents/MacOS/firefox-bin" "--marionette" "-foreground" "-no-remote" "-profile" "/var/folders/2w/54np24wx4pg2k7pqhh8cpjyc0000gn/T/rust_mozprofileFdBNnu"
1619916053823	Marionette	INFO	Marionette enabled
2021-05-02 02:40:54.724 firefox-bin[18366:256362] Warning: Expected min height of view: (<NSButton: 0x1398b0400>) to be less than or equal to 30 but got a height of 32.000000. This error will be logged once per view in violation.
2021-05-02 02:40:54.724 firefox-bin[18366:256362] Warning: Expected min height of view: (<NSButton: 0x1398b6000>) to be less than or equal to 30 but got a height of 32.000000. This error will be logged once per view in violation.
2021-05-02 02:40:54.725 firefox-bin[18366:256362] Warning: Expected min height of view: (<NSButton: 0x1398b5400>) to be less than or equal to 30 but got a height of 32.000000. This error will be logged once per view in violation.
2021-05-02 02:40:54.725 firefox-bin[18366:256362] Warning: Expected min height of view: (<NSButton: 0x1398b1c00>) to be less than or equal to 30 but got a height of 32.000000. This error will be logged once per view in violation.
2021-05-02 02:40:54.726 firefox-bin[18366:256362] Warning: Expected min height of view: (<NSButton: 0x1398b5800>) to be less than or equal to 30 but got a height of 32.000000. This error will be logged once per view in violation.
2021-05-02 02:40:54.726 firefox-bin[18366:256362] Warning: Expected min height of view: (<NSPopoverTouchBarItemButton: 0x1398b2000>) to be less than or equal to 30 but got a height of 32.000000. This error will be logged once per view in violation.
2021-05-02 02:40:54.727 firefox-bin[18366:256362] Warning: Expected min height of view: (<NSPopoverTouchBarItemButton: 0x1399e9400>) to be less than or equal to 30 but got a height of 32.000000. This error will be logged once per view in violation.
console.warn: SearchSettings: "get: No settings file exists, new profile?" (new Error("", "(unknown module)"))
1619916055739	Marionette	INFO	Listening on port 61225
1619916055774	Marionette	WARN	TLS certificate errors will be ignored for this session
1619916078580	Marionette	INFO	Stopped listening on port 61225

###!!! [Parent][RunMessage] Error: Channel closing: too late to send/recv, messages will be lost

1619916245968	geckodriver	INFO	Listening on 127.0.0.1:61700
1619916246976	mozrunner::runner	INFO	Running command: "/Applications/Firefox.app/Contents/MacOS/firefox-bin" "--marionette" "-foreground" "-no-remote" "-profile" "/var/folders/2w/54np24wx4pg2k7pqhh8cpjyc0000gn/T/rust_mozprofileeBAnew"
1619916247380	Marionette	INFO	Marionette enabled
2021-05-02 02:44:08.291 firefox-bin[18523:258505] Warning: Expected min height of view: (<NSButton: 0x134094c00>) to be less than or equal to 30 but got a height of 32.000000. This error will be logged once per view in violation.
2021-05-02 02:44:08.291 firefox-bin[18523:258505] Warning: Expected min height of view: (<NSButton: 0x134095c00>) to be less than or equal to 30 but got a height of 32.000000. This error will be logged once per view in violation.
2021-05-02 02:44:08.292 firefox-bin[18523:258505] Warning: Expected min height of view: (<NSButton: 0x134099c00>) to be less than or equal to 30 but got a height of 32.000000. This error will be logged once per view in violation.
2021-05-02 02:44:08.292 firefox-bin[18523:258505] Warning: Expected min height of view: (<NSButton: 0x134096000>) to be less than or equal to 30 but got a height of 32.000000. This error will be logged once per view in violation.
2021-05-02 02:44:08.293 firefox-bin[18523:258505] Warning: Expected min height of view: (<NSButton: 0x134096400>) to be less than or equal to 30 but got a height of 32.000000. This error will be logged once per view in violation.
2021-05-02 02:44:08.294 firefox-bin[18523:258505] Warning: Expected min height of view: (<NSPopoverTouchBarItemButton: 0x134097000>) to be less than or equal to 30 but got a height of 32.000000. This error will be logged once per view in violation.
2021-05-02 02:44:08.295 firefox-bin[18523:258505] Warning: Expected min height of view: (<NSPopoverTouchBarItemButton: 0x1341ec400>) to be less than or equal to 30 but got a height of 32.000000. This error will be logged once per view in violation.
console.warn: SearchSettings: "get: No settings file exists, new profile?" (new Error("", "(unknown module)"))
1619916249291	Marionette	INFO	Listening on port 61711
1619916249337	Marionette	WARN	TLS certificate errors will be ignored for this session
1619916276917	Marionette	INFO	Stopped listening on port 61711

###!!! [Parent][RunMessage] Error: Channel closing: too late to send/recv, messages will be lost

1619916606902	geckodriver	INFO	Listening on 127.0.0.1:62246
1619916607912	mozrunner::runner	INFO	Running command: "/Applications/Firefox.app/Contents/MacOS/firefox-bin" "--marionette" "-foreground" "-no-remote" "-profile" "/var/folders/2w/54np24wx4pg2k7pqhh8cpjyc0000gn/T/rust_mozprofilejuRCNm"
1619916608306	Marionette	INFO	Marionette enabled
2021-05-02 02:50:09.207 firefox-bin[18817:262400] Warning: Expected min height of view: (<NSButton: 0x124ea5400>) to be less than or equal to 30 but got a height of 32.000000. This error will be logged once per view in violation.
2021-05-02 02:50:09.208 firefox-bin[18817:262400] Warning: Expected min height of view: (<NSButton: 0x13170a000>) to be less than or equal to 30 but got a height of 32.000000. This error will be logged once per view in violation.
2021-05-02 02:50:09.208 firefox-bin[18817:262400] Warning: Expected min height of view: (<NSButton: 0x131702400>) to be less than or equal to 30 but got a height of 32.000000. This error will be logged once per view in violation.
2021-05-02 02:50:09.209 firefox-bin[18817:262400] Warning: Expected min height of view: (<NSButton: 0x131703000>) to be less than or equal to 30 but got a height of 32.000000. This error will be logged once per view in violation.
2021-05-02 02:50:09.210 firefox-bin[18817:262400] Warning: Expected min height of view: (<NSButton: 0x131703800>) to be less than or equal to 30 but got a height of 32.000000. This error will be logged once per view in violation.
2021-05-02 02:50:09.210 firefox-bin[18817:262400] Warning: Expected min height of view: (<NSPopoverTouchBarItemButton: 0x13170d800>) to be less than or equal to 30 but got a height of 32.000000. This error will be logged once per view in violation.
2021-05-02 02:50:09.211 firefox-bin[18817:262400] Warning: Expected min height of view: (<NSPopoverTouchBarItemButton: 0x131a44400>) to be less than or equal to 30 but got a height of 32.000000. This error will be logged once per view in violation.
console.warn: SearchSettings: "get: No settings file exists, new profile?" (new Error("", "(unknown module)"))
1619916610254	Marionette	INFO	Listening on port 62257
1619916610363	Marionette	WARN	TLS certificate errors will be ignored for this session
1619916672535	Marionette	INFO	Stopped listening on port 62257

###!!! [Parent][RunMessage] Error: Channel closing: too late to send/recv, messages will be lost

1619976961384	geckodriver	INFO	Listening on 127.0.0.1:63112
1619976962394	mozrunner::runner	INFO	Running command: "/Applications/Firefox.app/Contents/MacOS/firefox-bin" "--marionette" "-foreground" "-no-remote" "-profile" "/var/folders/2w/54np24wx4pg2k7pqhh8cpjyc0000gn/T/rust_mozprofileAKlQrj"
1619976962865	Marionette	INFO	Marionette enabled
2021-05-02 19:36:03.757 firefox-bin[19284:273688] Warning: Expected min height of view: (<NSButton: 0x12995d800>) to be less than or equal to 30 but got a height of 32.000000. This error will be logged once per view in violation.
2021-05-02 19:36:03.757 firefox-bin[19284:273688] Warning: Expected min height of view: (<NSButton: 0x129102c00>) to be less than or equal to 30 but got a height of 32.000000. This error will be logged once per view in violation.
2021-05-02 19:36:03.758 firefox-bin[19284:273688] Warning: Expected min height of view: (<NSButton: 0x13499dc00>) to be less than or equal to 30 but got a height of 32.000000. This error will be logged once per view in violation.
2021-05-02 19:36:03.759 firefox-bin[19284:273688] Warning: Expected min height of view: (<NSButton: 0x13499d000>) to be less than or equal to 30 but got a height of 32.000000. This error will be logged once per view in violation.
2021-05-02 19:36:03.759 firefox-bin[19284:273688] Warning: Expected min height of view: (<NSButton: 0x13499d400>) to be less than or equal to 30 but got a height of 32.000000. This error will be logged once per view in violation.
2021-05-02 19:36:03.760 firefox-bin[19284:273688] Warning: Expected min height of view: (<NSPopoverTouchBarItemButton: 0x1349a6c00>) to be less than or equal to 30 but got a height of 32.000000. This error will be logged once per view in violation.
2021-05-02 19:36:03.760 firefox-bin[19284:273688] Warning: Expected min height of view: (<NSPopoverTouchBarItemButton: 0x134cbd800>) to be less than or equal to 30 but got a height of 32.000000. This error will be logged once per view in violation.
console.warn: SearchSettings: "get: No settings file exists, new profile?" (new Error("", "(unknown module)"))
1619976964777	Marionette	INFO	Listening on port 63123
1619976964855	Marionette	WARN	TLS certificate errors will be ignored for this session
JavaScript warning: https://js.datadome.co/tags.js, line 2: unreachable code after return statement
JavaScript warning: https://js.datadome.co/tags.js, line 2: unreachable code after return statement
JavaScript warning: https://js.datadome.co/tags.js, line 2: unreachable code after return statement
JavaScript warning: https://js.datadome.co/tags.js, line 2: unreachable code after return statement
JavaScript warning: https://js.datadome.co/tags.js, line 2: unreachable code after return statement
console.warn: "Async method failed in safeAsyncMethod" (new Error("Connection closed, pending request to server0.conn0.child4/domwalker23, type cancelPick failed\n\nRequest stack:\nrequest@resource://devtools/shared/protocol/Front.js:285:14\ngenerateRequestMethods/</frontProto[name]@resource://devtools/shared/protocol/Front/FrontClassWithSpec.js:46:19\ncancelPick@resource://devtools/client/fronts/walker.js:546:18\nexports.safeAsyncMethod/<@resource://devtools/shared/async-utils.js:57:25\n_onInspectorFrontDestroyed@resource://devtools/client/inspector/node-picker.js:113:18\nstop@resource://devtools/client/inspector/node-picker.js:176:18\n_destroyToolbox@resource://devtools/client/framework/toolbox.js:3735:24\ndestroy@resource://devtools/client/framework/toolbox.js:3669:10\n_forgetBrowserWindow@resource://devtools/client/framework/devtools-browser.js:689:17\ndestroy@resource://devtools/client/framework/devtools-browser.js:734:24\nobserve@resource://devtools/client/framework/devtools-browser.js:184:26\n", "resource://devtools/shared/protocol/Front.js", 99))
1619977117079	Marionette	INFO	Stopped listening on port 63123

###!!! [Parent][RunMessage] Error: Channel closing: too late to send/recv, messages will be lost

1619977124975	geckodriver	INFO	Listening on 127.0.0.1:63545
1619977125985	mozrunner::runner	INFO	Running command: "/Applications/Firefox.app/Contents/MacOS/firefox-bin" "--marionette" "-foreground" "-no-remote" "-profile" "/var/folders/2w/54np24wx4pg2k7pqhh8cpjyc0000gn/T/rust_mozprofileg6V6Yj"
1619977126378	Marionette	INFO	Marionette enabled
2021-05-02 19:38:47.242 firefox-bin[19433:276191] Warning: Expected min height of view: (<NSButton: 0x1313c5c00>) to be less than or equal to 30 but got a height of 32.000000. This error will be logged once per view in violation.
2021-05-02 19:38:47.243 firefox-bin[19433:276191] Warning: Expected min height of view: (<NSButton: 0x13bba4800>) to be less than or equal to 30 but got a height of 32.000000. This error will be logged once per view in violation.
2021-05-02 19:38:47.243 firefox-bin[19433:276191] Warning: Expected min height of view: (<NSButton: 0x13bba4c00>) to be less than or equal to 30 but got a height of 32.000000. This error will be logged once per view in violation.
2021-05-02 19:38:47.244 firefox-bin[19433:276191] Warning: Expected min height of view: (<NSButton: 0x13bba5000>) to be less than or equal to 30 but got a height of 32.000000. This error will be logged once per view in violation.
2021-05-02 19:38:47.244 firefox-bin[19433:276191] Warning: Expected min height of view: (<NSButton: 0x13bba7000>) to be less than or equal to 30 but got a height of 32.000000. This error will be logged once per view in violation.
2021-05-02 19:38:47.245 firefox-bin[19433:276191] Warning: Expected min height of view: (<NSPopoverTouchBarItemButton: 0x13bba6000>) to be less than or equal to 30 but got a height of 32.000000. This error will be logged once per view in violation.
2021-05-02 19:38:47.245 firefox-bin[19433:276191] Warning: Expected min height of view: (<NSPopoverTouchBarItemButton: 0x13bcea000>) to be less than or equal to 30 but got a height of 32.000000. This error will be logged once per view in violation.
console.warn: SearchSettings: "get: No settings file exists, new profile?" (new Error("", "(unknown module)"))
1619977128250	Marionette	INFO	Listening on port 63556
1619977128358	Marionette	WARN	TLS certificate errors will be ignored for this session
JavaScript warning: https://js.datadome.co/tags.js, line 2: unreachable code after return statement
JavaScript warning: https://js.datadome.co/tags.js, line 2: unreachable code after return statement
JavaScript warning: https://js.datadome.co/tags.js, line 2: unreachable code after return statement
JavaScript warning: https://js.datadome.co/tags.js, line 2: unreachable code after return statement
JavaScript warning: https://js.datadome.co/tags.js, line 2: unreachable code after return statement
JavaScript error: , line 0: TypeError: NetworkError when attempting to fetch resource.
JavaScript warning: https://js.datadome.co/tags.js, line 2: unreachable code after return statement
JavaScript warning: https://js.datadome.co/tags.js, line 2: unreachable code after return statement
JavaScript warning: https://js.datadome.co/tags.js, line 2: unreachable code after return statement
JavaScript warning: https://js.datadome.co/tags.js, line 2: unreachable code after return statement
JavaScript warning: https://js.datadome.co/tags.js, line 2: unreachable code after return statement
JavaScript warning: https://js.datadome.co/tags.js, line 2: unreachable code after return statement
JavaScript warning: https://js.datadome.co/tags.js, line 2: unreachable code after return statement
1619977152597	Marionette	INFO	Stopped listening on port 63556
JavaScript error: https://ajax.cloudflare.com/cdn-cgi/scripts/7d0fa10a/cloudflare-static/rocket-loader.min.js, line 1: NS_ERROR_NOT_INITIALIZED: 

###!!! [Parent][RunMessage] Error: Channel closing: too late to send/recv, messages will be lost

1619977290725	geckodriver	INFO	Listening on 127.0.0.1:64145
1619977291737	mozrunner::runner	INFO	Running command: "/Applications/Firefox.app/Contents/MacOS/firefox-bin" "--marionette" "-foreground" "-no-remote" "-profile" "/var/folders/2w/54np24wx4pg2k7pqhh8cpjyc0000gn/T/rust_mozprofileBL3y5W"
1619977292136	Marionette	INFO	Marionette enabled
2021-05-02 19:41:33.020 firefox-bin[19721:279492] Warning: Expected min height of view: (<NSButton: 0x12bec9c00>) to be less than or equal to 30 but got a height of 32.000000. This error will be logged once per view in violation.
2021-05-02 19:41:33.021 firefox-bin[19721:279492] Warning: Expected min height of view: (<NSButton: 0x1367b7000>) to be less than or equal to 30 but got a height of 32.000000. This error will be logged once per view in violation.
2021-05-02 19:41:33.022 firefox-bin[19721:279492] Warning: Expected min height of view: (<NSButton: 0x1367b6400>) to be less than or equal to 30 but got a height of 32.000000. This error will be logged once per view in violation.
2021-05-02 19:41:33.022 firefox-bin[19721:279492] Warning: Expected min height of view: (<NSButton: 0x1367b6c00>) to be less than or equal to 30 but got a height of 32.000000. This error will be logged once per view in violation.
2021-05-02 19:41:33.023 firefox-bin[19721:279492] Warning: Expected min height of view: (<NSButton: 0x1367b7400>) to be less than or equal to 30 but got a height of 32.000000. This error will be logged once per view in violation.
2021-05-02 19:41:33.023 firefox-bin[19721:279492] Warning: Expected min height of view: (<NSPopoverTouchBarItemButton: 0x1367b8400>) to be less than or equal to 30 but got a height of 32.000000. This error will be logged once per view in violation.
2021-05-02 19:41:33.024 firefox-bin[19721:279492] Warning: Expected min height of view: (<NSPopoverTouchBarItemButton: 0x136c0d800>) to be less than or equal to 30 but got a height of 32.000000. This error will be logged once per view in violation.
console.warn: SearchSettings: "get: No settings file exists, new profile?" (new Error("", "(unknown module)"))
1619977294077	Marionette	INFO	Listening on port 64156
1619977294093	Marionette	WARN	TLS certificate errors will be ignored for this session
JavaScript warning: https://js.datadome.co/tags.js, line 2: unreachable code after return statement
JavaScript warning: https://js.datadome.co/tags.js, line 2: unreachable code after return statement
JavaScript warning: https://js.datadome.co/tags.js, line 2: unreachable code after return statement
JavaScript warning: https://js.datadome.co/tags.js, line 2: unreachable code after return statement
JavaScript warning: https://js.datadome.co/tags.js, line 2: unreachable code after return statement
JavaScript warning: https://js.datadome.co/tags.js, line 2: unreachable code after return statement
JavaScript warning: https://js.datadome.co/tags.js, line 2: unreachable code after return statement
JavaScript warning: https://js.datadome.co/tags.js, line 2: unreachable code after return statement
JavaScript warning: https://js.datadome.co/tags.js, line 2: unreachable code after return statement
JavaScript warning: https://js.datadome.co/tags.js, line 2: unreachable code after return statement
JavaScript warning: https://js.datadome.co/tags.js, line 2: unreachable code after return statement
JavaScript warning: https://js.datadome.co/tags.js, line 2: unreachable code after return statement
1619977317848	Marionette	INFO	Stopped listening on port 64156
JavaScript error: resource://gre/modules/AsyncShutdown.jsm, line 575: NotFoundError: No such JSWindowActor 'MarionetteEvents'

###!!! [Parent][RunMessage] Error: Channel closing: too late to send/recv, messages will be lost

1619996374729	geckodriver	INFO	Listening on 127.0.0.1:52221
1619996375739	mozrunner::runner	INFO	Running command: "/Applications/Firefox.app/Contents/MacOS/firefox-bin" "--marionette" "-foreground" "-no-remote" "-profile" "/var/folders/2w/54np24wx4pg2k7pqhh8cpjyc0000gn/T/rust_mozprofile6DFnjm"
1619996376230	Marionette	INFO	Marionette enabled
2021-05-03 00:59:37.184 firefox-bin[23017:334387] Warning: Expected min height of view: (<NSButton: 0x1312b1800>) to be less than or equal to 30 but got a height of 32.000000. This error will be logged once per view in violation.
2021-05-03 00:59:37.184 firefox-bin[23017:334387] Warning: Expected min height of view: (<NSButton: 0x13dbd3800>) to be less than or equal to 30 but got a height of 32.000000. This error will be logged once per view in violation.
2021-05-03 00:59:37.185 firefox-bin[23017:334387] Warning: Expected min height of view: (<NSButton: 0x13dbd1000>) to be less than or equal to 30 but got a height of 32.000000. This error will be logged once per view in violation.
2021-05-03 00:59:37.185 firefox-bin[23017:334387] Warning: Expected min height of view: (<NSButton: 0x13dbd4000>) to be less than or equal to 30 but got a height of 32.000000. This error will be logged once per view in violation.
2021-05-03 00:59:37.186 firefox-bin[23017:334387] Warning: Expected min height of view: (<NSButton: 0x13dbd1800>) to be less than or equal to 30 but got a height of 32.000000. This error will be logged once per view in violation.
2021-05-03 00:59:37.186 firefox-bin[23017:334387] Warning: Expected min height of view: (<NSPopoverTouchBarItemButton: 0x13dbd3000>) to be less than or equal to 30 but got a height of 32.000000. This error will be logged once per view in violation.
2021-05-03 00:59:37.187 firefox-bin[23017:334387] Warning: Expected min height of view: (<NSPopoverTouchBarItemButton: 0x13debf800>) to be less than or equal to 30 but got a height of 32.000000. This error will be logged once per view in violation.
console.warn: SearchSettings: "get: No settings file exists, new profile?" (new Error("", "(unknown module)"))
1619996378151	Marionette	INFO	Listening on port 52233
1619996378211	Marionette	WARN	TLS certificate errors will be ignored for this session
1619996437094	geckodriver	INFO	Listening on 127.0.0.1:52414
1619996438104	mozrunner::runner	INFO	Running command: "/Applications/Firefox.app/Contents/MacOS/firefox-bin" "--marionette" "-foreground" "-no-remote" "-profile" "/var/folders/2w/54np24wx4pg2k7pqhh8cpjyc0000gn/T/rust_mozprofileAEFuEs"
1619996438579	Marionette	INFO	Marionette enabled
2021-05-03 01:00:39.595 firefox-bin[23084:335381] Warning: Expected min height of view: (<NSButton: 0x1336e6000>) to be less than or equal to 30 but got a height of 32.000000. This error will be logged once per view in violation.
2021-05-03 01:00:39.596 firefox-bin[23084:335381] Warning: Expected min height of view: (<NSButton: 0x1336ec000>) to be less than or equal to 30 but got a height of 32.000000. This error will be logged once per view in violation.
2021-05-03 01:00:39.597 firefox-bin[23084:335381] Warning: Expected min height of view: (<NSButton: 0x1336e4c00>) to be less than or equal to 30 but got a height of 32.000000. This error will be logged once per view in violation.
2021-05-03 01:00:39.597 firefox-bin[23084:335381] Warning: Expected min height of view: (<NSButton: 0x1336e7400>) to be less than or equal to 30 but got a height of 32.000000. This error will be logged once per view in violation.
2021-05-03 01:00:39.598 firefox-bin[23084:335381] Warning: Expected min height of view: (<NSButton: 0x1336e7800>) to be less than or equal to 30 but got a height of 32.000000. This error will be logged once per view in violation.
2021-05-03 01:00:39.598 firefox-bin[23084:335381] Warning: Expected min height of view: (<NSPopoverTouchBarItemButton: 0x1336ec400>) to be less than or equal to 30 but got a height of 32.000000. This error will be logged once per view in violation.
2021-05-03 01:00:39.599 firefox-bin[23084:335381] Warning: Expected min height of view: (<NSPopoverTouchBarItemButton: 0x1339c1800>) to be less than or equal to 30 but got a height of 32.000000. This error will be logged once per view in violation.
console.warn: SearchSettings: "get: No settings file exists, new profile?" (new Error("", "(unknown module)"))
1619996440667	Marionette	INFO	Listening on port 52430
1619996440787	Marionette	WARN	TLS certificate errors will be ignored for this session
JavaScript warning: https://js.datadome.co/tags.js, line 2: unreachable code after return statement
JavaScript warning: https://js.datadome.co/tags.js, line 2: unreachable code after return statement
JavaScript warning: https://js.datadome.co/tags.js, line 2: unreachable code after return statement
JavaScript warning: https://js.datadome.co/tags.js, line 2: unreachable code after return statement
JavaScript warning: https://js.datadome.co/tags.js, line 2: unreachable code after return statement
1619996529551	geckodriver	INFO	Listening on 127.0.0.1:52717
1619996530561	mozrunner::runner	INFO	Running command: "/Applications/Firefox.app/Contents/MacOS/firefox-bin" "--marionette" "-foreground" "-no-remote" "-profile" "/var/folders/2w/54np24wx4pg2k7pqhh8cpjyc0000gn/T/rust_mozprofilePOnIw1"
1619996530943	Marionette	INFO	Marionette enabled
2021-05-03 01:02:11.901 firefox-bin[23200:336956] Warning: Expected min height of view: (<NSButton: 0x130458800>) to be less than or equal to 30 but got a height of 32.000000. This error will be logged once per view in violation.
2021-05-03 01:02:11.902 firefox-bin[23200:336956] Warning: Expected min height of view: (<NSButton: 0x13b209800>) to be less than or equal to 30 but got a height of 32.000000. This error will be logged once per view in violation.
2021-05-03 01:02:11.902 firefox-bin[23200:336956] Warning: Expected min height of view: (<NSButton: 0x13b209c00>) to be less than or equal to 30 but got a height of 32.000000. This error will be logged once per view in violation.
2021-05-03 01:02:11.903 firefox-bin[23200:336956] Warning: Expected min height of view: (<NSButton: 0x13b202800>) to be less than or equal to 30 but got a height of 32.000000. This error will be logged once per view in violation.
2021-05-03 01:02:11.903 firefox-bin[23200:336956] Warning: Expected min height of view: (<NSButton: 0x12fa68400>) to be less than or equal to 30 but got a height of 32.000000. This error will be logged once per view in violation.
2021-05-03 01:02:11.904 firefox-bin[23200:336956] Warning: Expected min height of view: (<NSPopoverTouchBarItemButton: 0x13b20b800>) to be less than or equal to 30 but got a height of 32.000000. This error will be logged once per view in violation.
2021-05-03 01:02:11.904 firefox-bin[23200:336956] Warning: Expected min height of view: (<NSPopoverTouchBarItemButton: 0x13b729800>) to be less than or equal to 30 but got a height of 32.000000. This error will be logged once per view in violation.
console.warn: SearchSettings: "get: No settings file exists, new profile?" (new Error("", "(unknown module)"))
1619996533121	Marionette	INFO	Listening on port 52729
1619996533221	Marionette	WARN	TLS certificate errors will be ignored for this session
JavaScript warning: https://js.datadome.co/tags.js, line 2: unreachable code after return statement
JavaScript warning: https://js.datadome.co/tags.js, line 2: unreachable code after return statement
JavaScript warning: https://js.datadome.co/tags.js, line 2: unreachable code after return statement
JavaScript warning: https://js.datadome.co/tags.js, line 2: unreachable code after return statement
JavaScript warning: https://js.datadome.co/tags.js, line 2: unreachable code after return statement
JavaScript warning: https://js.datadome.co/tags.js, line 2: unreachable code after return statement
JavaScript warning: https://js.datadome.co/tags.js, line 2: unreachable code after return statement
JavaScript warning: https://js.datadome.co/tags.js, line 2: unreachable code after return statement
JavaScript warning: https://js.datadome.co/tags.js, line 2: unreachable code after return statement
JavaScript warning: https://js.datadome.co/tags.js, line 2: unreachable code after return statement
1619996560567	Marionette	INFO	Stopped listening on port 52729
JavaScript error: resource://gre/modules/AsyncShutdown.jsm, line 575: NotFoundError: No such JSWindowActor 'MarionetteEvents'

###!!! [Parent][RunMessage] Error: Channel closing: too late to send/recv, messages will be lost

1619997250846	geckodriver	INFO	Listening on 127.0.0.1:55935
1619997251849	mozrunner::runner	INFO	Running command: "/Applications/Firefox.app/Contents/MacOS/firefox-bin" "--marionette" "-foreground" "-no-remote" "-profile" "/var/folders/2w/54np24wx4pg2k7pqhh8cpjyc0000gn/T/rust_mozprofilecz7AK1"
1619997252336	Marionette	INFO	Marionette enabled
2021-05-03 01:14:13.290 firefox-bin[24004:347801] Warning: Expected min height of view: (<NSButton: 0x12d429800>) to be less than or equal to 30 but got a height of 32.000000. This error will be logged once per view in violation.
2021-05-03 01:14:13.290 firefox-bin[24004:347801] Warning: Expected min height of view: (<NSButton: 0x138505800>) to be less than or equal to 30 but got a height of 32.000000. This error will be logged once per view in violation.
2021-05-03 01:14:13.291 firefox-bin[24004:347801] Warning: Expected min height of view: (<NSButton: 0x138506800>) to be less than or equal to 30 but got a height of 32.000000. This error will be logged once per view in violation.
2021-05-03 01:14:13.291 firefox-bin[24004:347801] Warning: Expected min height of view: (<NSButton: 0x138511800>) to be less than or equal to 30 but got a height of 32.000000. This error will be logged once per view in violation.
2021-05-03 01:14:13.292 firefox-bin[24004:347801] Warning: Expected min height of view: (<NSButton: 0x12cbf3c00>) to be less than or equal to 30 but got a height of 32.000000. This error will be logged once per view in violation.
2021-05-03 01:14:13.292 firefox-bin[24004:347801] Warning: Expected min height of view: (<NSPopoverTouchBarItemButton: 0x13850dc00>) to be less than or equal to 30 but got a height of 32.000000. This error will be logged once per view in violation.
2021-05-03 01:14:13.293 firefox-bin[24004:347801] Warning: Expected min height of view: (<NSPopoverTouchBarItemButton: 0x138a21800>) to be less than or equal to 30 but got a height of 32.000000. This error will be logged once per view in violation.
console.warn: SearchSettings: "get: No settings file exists, new profile?" (new Error("", "(unknown module)"))
1619997254545	Marionette	INFO	Listening on port 55950
1619997254618	Marionette	WARN	TLS certificate errors will be ignored for this session
JavaScript warning: https://js.datadome.co/tags.js, line 2: unreachable code after return statement
JavaScript warning: https://js.datadome.co/tags.js, line 2: unreachable code after return statement
JavaScript warning: https://js.datadome.co/tags.js, line 2: unreachable code after return statement
JavaScript warning: https://js.datadome.co/tags.js, line 2: unreachable code after return statement
JavaScript warning: https://js.datadome.co/tags.js, line 2: unreachable code after return statement
JavaScript error: https://webshop.asus.com/de/detail/index/sArticle/3161 line 1 > injectedScript, line 14: TypeError: document.getElementById(...) is null
JavaScript error: https://webshop.asus.com/de/detail/index/sArticle/3161 line 1 > injectedScript, line 14: TypeError: document.getElementById(...) is null
JavaScript error: https://webshop.asus.com/de/detail/index/sArticle/3161 line 1 > injectedScript, line 14: TypeError: document.getElementById(...) is null
JavaScript error: https://webshop.asus.com/de/detail/index/sArticle/3161 line 1 > injectedScript, line 14: TypeError: document.getElementById(...) is null
JavaScript error: https://webshop.asus.com/de/detail/index/sArticle/3161 line 1 > injectedScript, line 14: TypeError: document.getElementById(...) is null
JavaScript error: https://webshop.asus.com/de/detail/index/sArticle/3161 line 1 > injectedScript, line 14: TypeError: document.getElementById(...) is null
JavaScript error: https://webshop.asus.com/de/detail/index/sArticle/3161 line 1 > injectedScript, line 14: TypeError: document.getElementById(...) is null
JavaScript error: https://webshop.asus.com/de/detail/index/sArticle/3161 line 1 > injectedScript, line 14: TypeError: document.getElementById(...) is null
JavaScript error: https://webshop.asus.com/de/detail/index/sArticle/3161 line 1 > injectedScript, line 14: TypeError: document.getElementById(...) is null
JavaScript error: https://webshop.asus.com/de/detail/index/sArticle/3161 line 1 > injectedScript, line 14: TypeError: document.getElementById(...) is null
JavaScript error: https://webshop.asus.com/de/detail/index/sArticle/3161 line 1 > injectedScript, line 14: TypeError: document.getElementById(...) is null
JavaScript error: https://webshop.asus.com/de/detail/index/sArticle/3161 line 1 > injectedScript, line 14: TypeError: document.getElementById(...) is null
JavaScript error: https://webshop.asus.com/de/detail/index/sArticle/3161 line 1 > injectedScript, line 14: TypeError: document.getElementById(...) is null
JavaScript error: https://webshop.asus.com/de/detail/index/sArticle/3161 line 1 > injectedScript, line 14: TypeError: document.getElementById(...) is null
JavaScript error: https://webshop.asus.com/de/detail/index/sArticle/3161 line 1 > injectedScript, line 14: TypeError: document.getElementById(...) is null
JavaScript error: https://webshop.asus.com/de/detail/index/sArticle/3161 line 1 > injectedScript, line 14: TypeError: document.getElementById(...) is null
JavaScript error: https://webshop.asus.com/de/detail/index/sArticle/3161 line 1 > injectedScript, line 14: TypeError: document.getElementById(...) is null
JavaScript error: https://webshop.asus.com/de/detail/index/sArticle/3161 line 1 > injectedScript, line 14: TypeError: document.getElementById(...) is null
JavaScript error: https://webshop.asus.com/de/detail/index/sArticle/3161 line 1 > injectedScript, line 14: TypeError: document.getElementById(...) is null
JavaScript error: https://webshop.asus.com/de/detail/index/sArticle/3161 line 1 > injectedScript, line 14: TypeError: document.getElementById(...) is null
JavaScript error: https://webshop.asus.com/de/detail/index/sArticle/3161 line 1 > injectedScript, line 14: TypeError: document.getElementById(...) is null
JavaScript error: https://webshop.asus.com/de/detail/index/sArticle/3161 line 1 > injectedScript, line 14: TypeError: document.getElementById(...) is null
JavaScript error: https://webshop.asus.com/de/detail/index/sArticle/3161 line 1 > injectedScript, line 14: TypeError: document.getElementById(...) is null
JavaScript error: https://webshop.asus.com/de/detail/index/sArticle/3161 line 1 > injectedScript, line 14: TypeError: document.getElementById(...) is null
JavaScript error: https://webshop.asus.com/de/detail/index/sArticle/3161 line 1 > injectedScript, line 14: TypeError: document.getElementById(...) is null
JavaScript error: https://webshop.asus.com/de/detail/index/sArticle/3161 line 1 > injectedScript, line 14: TypeError: document.getElementById(...) is null
JavaScript error: https://webshop.asus.com/de/detail/index/sArticle/3161 line 1 > injectedScript, line 14: TypeError: document.getElementById(...) is null
JavaScript error: https://webshop.asus.com/de/detail/index/sArticle/3161 line 1 > injectedScript, line 14: TypeError: document.getElementById(...) is null
JavaScript error: https://webshop.asus.com/de/detail/index/sArticle/3161 line 1 > injectedScript, line 14: TypeError: document.getElementById(...) is null
JavaScript error: https://webshop.asus.com/de/detail/index/sArticle/3161 line 1 > injectedScript, line 14: TypeError: document.getElementById(...) is null
JavaScript error: https://webshop.asus.com/de/detail/index/sArticle/3161 line 1 > injectedScript, line 14: TypeError: document.getElementById(...) is null
JavaScript error: https://webshop.asus.com/de/detail/index/sArticle/3161 line 1 > injectedScript, line 14: TypeError: document.getElementById(...) is null
JavaScript error: https://webshop.asus.com/de/detail/index/sArticle/3161 line 1 > injectedScript, line 14: TypeError: document.getElementById(...) is null
JavaScript error: https://webshop.asus.com/de/detail/index/sArticle/3161 line 1 > injectedScript, line 14: TypeError: document.getElementById(...) is null
JavaScript error: https://webshop.asus.com/de/detail/index/sArticle/3161 line 1 > injectedScript, line 14: TypeError: document.getElementById(...) is null
JavaScript error: https://webshop.asus.com/de/detail/index/sArticle/3161 line 1 > injectedScript, line 14: TypeError: document.getElementById(...) is null
JavaScript error: https://webshop.asus.com/de/detail/index/sArticle/3161 line 1 > injectedScript, line 14: TypeError: document.getElementById(...) is null
JavaScript error: https://webshop.asus.com/de/detail/index/sArticle/3161 line 1 > injectedScript, line 14: TypeError: document.getElementById(...) is null
JavaScript error: https://webshop.asus.com/de/detail/index/sArticle/3161 line 1 > injectedScript, line 14: TypeError: document.getElementById(...) is null
JavaScript error: https://webshop.asus.com/de/detail/index/sArticle/3161 line 1 > injectedScript, line 14: TypeError: document.getElementById(...) is null
JavaScript error: https://webshop.asus.com/de/detail/index/sArticle/3161 line 1 > injectedScript, line 14: TypeError: document.getElementById(...) is null
JavaScript error: https://webshop.asus.com/de/detail/index/sArticle/3161 line 1 > injectedScript, line 14: TypeError: document.getElementById(...) is null
JavaScript error: https://webshop.asus.com/de/detail/index/sArticle/3161 line 1 > injectedScript, line 14: TypeError: document.getElementById(...) is null
JavaScript error: https://webshop.asus.com/de/detail/index/sArticle/3161 line 1 > injectedScript, line 14: TypeError: document.getElementById(...) is null
JavaScript error: https://webshop.asus.com/de/detail/index/sArticle/3161 line 1 > injectedScript, line 14: TypeError: document.getElementById(...) is null
JavaScript error: https://webshop.asus.com/de/detail/index/sArticle/3161 line 1 > injectedScript, line 14: TypeError: document.getElementById(...) is null
JavaScript error: https://webshop.asus.com/de/detail/index/sArticle/3161 line 1 > injectedScript, line 14: TypeError: document.getElementById(...) is null
JavaScript error: https://webshop.asus.com/de/detail/index/sArticle/3161 line 1 > injectedScript, line 14: TypeError: document.getElementById(...) is null
JavaScript error: https://webshop.asus.com/de/detail/index/sArticle/3161 line 1 > injectedScript, line 14: TypeError: document.getElementById(...) is null
JavaScript error: https://webshop.asus.com/de/detail/index/sArticle/3161 line 1 > injectedScript, line 14: TypeError: document.getElementById(...) is null
JavaScript error: https://webshop.asus.com/de/detail/index/sArticle/3161 line 1 > injectedScript, line 14: TypeError: document.getElementById(...) is null
JavaScript error: https://webshop.asus.com/de/detail/index/sArticle/3161 line 1 > injectedScript, line 14: TypeError: document.getElementById(...) is null
JavaScript error: https://webshop.asus.com/de/detail/index/sArticle/3161 line 1 > injectedScript, line 14: TypeError: document.getElementById(...) is null
JavaScript error: https://webshop.asus.com/de/detail/index/sArticle/3161 line 1 > injectedScript, line 14: TypeError: document.getElementById(...) is null
JavaScript error: https://webshop.asus.com/de/detail/index/sArticle/3161 line 1 > injectedScript, line 14: TypeError: document.getElementById(...) is null
JavaScript error: https://webshop.asus.com/de/detail/index/sArticle/3161 line 1 > injectedScript, line 14: TypeError: document.getElementById(...) is null
JavaScript error: https://webshop.asus.com/de/detail/index/sArticle/3161 line 1 > injectedScript, line 14: TypeError: document.getElementById(...) is null
JavaScript error: https://webshop.asus.com/de/detail/index/sArticle/3161 line 1 > injectedScript, line 14: TypeError: document.getElementById(...) is null
JavaScript error: https://webshop.asus.com/de/detail/index/sArticle/3161 line 1 > injectedScript, line 14: TypeError: document.getElementById(...) is null
1619997465680	geckodriver	INFO	Listening on 127.0.0.1:57201
1619997466689	mozrunner::runner	INFO	Running command: "/Applications/Firefox.app/Contents/MacOS/firefox-bin" "--marionette" "-foreground" "-no-remote" "-profile" "/var/folders/2w/54np24wx4pg2k7pqhh8cpjyc0000gn/T/rust_mozprofiledmWWj6"
1619997467123	Marionette	INFO	Marionette enabled
2021-05-03 01:17:48.053 firefox-bin[24179:350660] Warning: Expected min height of view: (<NSButton: 0x12784a800>) to be less than or equal to 30 but got a height of 32.000000. This error will be logged once per view in violation.
2021-05-03 01:17:48.054 firefox-bin[24179:350660] Warning: Expected min height of view: (<NSButton: 0x134102400>) to be less than or equal to 30 but got a height of 32.000000. This error will be logged once per view in violation.
2021-05-03 01:17:48.055 firefox-bin[24179:350660] Warning: Expected min height of view: (<NSButton: 0x134104000>) to be less than or equal to 30 but got a height of 32.000000. This error will be logged once per view in violation.
2021-05-03 01:17:48.055 firefox-bin[24179:350660] Warning: Expected min height of view: (<NSButton: 0x1288f4400>) to be less than or equal to 30 but got a height of 32.000000. This error will be logged once per view in violation.
2021-05-03 01:17:48.056 firefox-bin[24179:350660] Warning: Expected min height of view: (<NSButton: 0x134104c00>) to be less than or equal to 30 but got a height of 32.000000. This error will be logged once per view in violation.
2021-05-03 01:17:48.056 firefox-bin[24179:350660] Warning: Expected min height of view: (<NSPopoverTouchBarItemButton: 0x13410f800>) to be less than or equal to 30 but got a height of 32.000000. This error will be logged once per view in violation.
2021-05-03 01:17:48.057 firefox-bin[24179:350660] Warning: Expected min height of view: (<NSPopoverTouchBarItemButton: 0x134621c00>) to be less than or equal to 30 but got a height of 32.000000. This error will be logged once per view in violation.
console.warn: SearchSettings: "get: No settings file exists, new profile?" (new Error("", "(unknown module)"))
1619997469217	Marionette	INFO	Listening on port 57216
1619997469251	Marionette	WARN	TLS certificate errors will be ignored for this session
JavaScript error: https://webshop.asus.com/de/checkout/addArticle, line 19: SyntaxError: expected expression, got ';'
JavaScript error: https://webshop.asus.com/de/checkout/addArticle line 1 > injectedScript, line 2: TypeError: document.asyncReady is not a function
JavaScript error: https://webshop.asus.com/de/web/cache/1615893741_e29245c70027dfc13dd7966f6a646966.js, line 473: TypeError: window.controller is undefined
JavaScript warning: https://js.datadome.co/tags.js, line 2: unreachable code after return statement
JavaScript warning: https://js.datadome.co/tags.js, line 2: unreachable code after return statement
JavaScript warning: https://js.datadome.co/tags.js, line 2: unreachable code after return statement
JavaScript warning: https://js.datadome.co/tags.js, line 2: unreachable code after return statement
JavaScript warning: https://js.datadome.co/tags.js, line 2: unreachable code after return statement
JavaScript error: https://webshop.asus.com/de/checkout/addArticle line 1 > injectedScript, line 13: ReferenceError: asyncCallbacks is not defined
2021-05-03 01:19:23.093 firefox-bin[24004:347801] Warning: Expected min height of view: (<NSButton: 0x10b7d6000>) to be less than or equal to 30 but got a height of 32.000000. This error will be logged once per view in violation.
2021-05-03 01:19:23.095 firefox-bin[24004:347801] Warning: Expected min height of view: (<NSButton: 0x12c4e9000>) to be less than or equal to 30 but got a height of 32.000000. This error will be logged once per view in violation.
2021-05-03 01:19:23.095 firefox-bin[24004:347801] Warning: Expected min height of view: (<NSButton: 0x137520400>) to be less than or equal to 30 but got a height of 32.000000. This error will be logged once per view in violation.
2021-05-03 01:19:23.096 firefox-bin[24004:347801] Warning: Expected min height of view: (<NSButton: 0x137522c00>) to be less than or equal to 30 but got a height of 32.000000. This error will be logged once per view in violation.
2021-05-03 01:19:23.096 firefox-bin[24004:347801] Warning: Expected min height of view: (<NSButton: 0x137526800>) to be less than or equal to 30 but got a height of 32.000000. This error will be logged once per view in violation.
2021-05-03 01:19:23.097 firefox-bin[24004:347801] Warning: Expected min height of view: (<NSPopoverTouchBarItemButton: 0x138510800>) to be less than or equal to 30 but got a height of 32.000000. This error will be logged once per view in violation.
2021-05-03 01:19:23.097 firefox-bin[24004:347801] Warning: Expected min height of view: (<NSPopoverTouchBarItemButton: 0x138a27000>) to be less than or equal to 30 but got a height of 32.000000. This error will be logged once per view in violation.
JavaScript warning: https://js.datadome.co/tags.js, line 2: unreachable code after return statement
JavaScript warning: https://js.datadome.co/tags.js, line 2: unreachable code after return statement
JavaScript warning: https://js.datadome.co/tags.js, line 2: unreachable code after return statement
JavaScript warning: https://js.datadome.co/tags.js, line 2: unreachable code after return statement
JavaScript warning: https://js.datadome.co/tags.js, line 2: unreachable code after return statement
JavaScript error: https://webshop.asus.com/de/detail/index/sArticle/3161 line 1 > injectedScript, line 14: TypeError: document.getElementById(...) is null
JavaScript error: https://webshop.asus.com/de/detail/index/sArticle/3161 line 1 > injectedScript, line 14: TypeError: document.getElementById(...) is null
JavaScript error: https://webshop.asus.com/de/detail/index/sArticle/3161 line 1 > injectedScript, line 14: TypeError: document.getElementById(...) is null
JavaScript error: https://webshop.asus.com/de/detail/index/sArticle/3161 line 1 > injectedScript, line 14: TypeError: document.getElementById(...) is null
JavaScript error: https://webshop.asus.com/de/detail/index/sArticle/3161 line 1 > injectedScript, line 14: TypeError: document.getElementById(...) is null
JavaScript error: https://webshop.asus.com/de/detail/index/sArticle/3161 line 1 > injectedScript, line 14: TypeError: document.getElementById(...) is null
JavaScript error: https://webshop.asus.com/de/detail/index/sArticle/3161 line 1 > injectedScript, line 14: TypeError: document.getElementById(...) is null
JavaScript error: https://webshop.asus.com/de/detail/index/sArticle/3161 line 1 > injectedScript, line 14: TypeError: document.getElementById(...) is null
JavaScript error: https://webshop.asus.com/de/detail/index/sArticle/3161 line 1 > injectedScript, line 14: TypeError: document.getElementById(...) is null
JavaScript error: https://webshop.asus.com/de/detail/index/sArticle/3161 line 1 > injectedScript, line 14: TypeError: document.getElementById(...) is null
JavaScript error: https://webshop.asus.com/de/detail/index/sArticle/3161 line 1 > injectedScript, line 14: TypeError: document.getElementById(...) is null
JavaScript error: https://webshop.asus.com/de/detail/index/sArticle/3161 line 1 > injectedScript, line 14: TypeError: document.getElementById(...) is null
JavaScript error: https://webshop.asus.com/de/detail/index/sArticle/3161 line 1 > injectedScript, line 14: TypeError: document.getElementById(...) is null
JavaScript error: https://webshop.asus.com/de/detail/index/sArticle/3161 line 1 > injectedScript, line 14: TypeError: document.getElementById(...) is null
JavaScript error: https://webshop.asus.com/de/detail/index/sArticle/3161 line 1 > injectedScript, line 14: TypeError: document.getElementById(...) is null
JavaScript error: https://webshop.asus.com/de/detail/index/sArticle/3161 line 1 > injectedScript, line 14: TypeError: document.getElementById(...) is null
JavaScript error: https://webshop.asus.com/de/detail/index/sArticle/3161 line 1 > injectedScript, line 14: TypeError: document.getElementById(...) is null
JavaScript error: https://webshop.asus.com/de/detail/index/sArticle/3161 line 1 > injectedScript, line 14: TypeError: document.getElementById(...) is null
JavaScript error: https://webshop.asus.com/de/detail/index/sArticle/3161 line 1 > injectedScript, line 14: TypeError: document.getElementById(...) is null
JavaScript error: https://webshop.asus.com/de/detail/index/sArticle/3161 line 1 > injectedScript, line 14: TypeError: document.getElementById(...) is null
JavaScript error: https://webshop.asus.com/de/detail/index/sArticle/3161 line 1 > injectedScript, line 14: TypeError: document.getElementById(...) is null
JavaScript error: https://webshop.asus.com/de/detail/index/sArticle/3161 line 1 > injectedScript, line 14: TypeError: document.getElementById(...) is null
JavaScript error: https://webshop.asus.com/de/detail/index/sArticle/3161 line 1 > injectedScript, line 14: TypeError: document.getElementById(...) is null
1619997862717	Marionette	INFO	Stopped listening on port 52430

###!!! [Parent][RunMessage] Error: Channel closing: too late to send/recv, messages will be lost

1619997865557	Marionette	INFO	Stopped listening on port 55950

###!!! [Parent][RunMessage] Error: Channel closing: too late to send/recv, messages will be lost

1619997866953	Marionette	INFO	Stopped listening on port 57216

###!!! [Parent][RunMessage] Error: Channel closing: too late to send/recv, messages will be lost

1619997867826	geckodriver	INFO	Listening on 127.0.0.1:59706
1619997868833	mozrunner::runner	INFO	Running command: "/Applications/Firefox.app/Contents/MacOS/firefox-bin" "--marionette" "-foreground" "-no-remote" "-profile" "/var/folders/2w/54np24wx4pg2k7pqhh8cpjyc0000gn/T/rust_mozprofilete7LxW"
1619997869521	Marionette	INFO	Marionette enabled
2021-05-03 01:24:30.830 firefox-bin[24527:356518] Warning: Expected min height of view: (<NSButton: 0x13dcb7c00>) to be less than or equal to 30 but got a height of 32.000000. This error will be logged once per view in violation.
2021-05-03 01:24:30.831 firefox-bin[24527:356518] Warning: Expected min height of view: (<NSButton: 0x13dcb0c00>) to be less than or equal to 30 but got a height of 32.000000. This error will be logged once per view in violation.
2021-05-03 01:24:30.831 firefox-bin[24527:356518] Warning: Expected min height of view: (<NSButton: 0x13dcb5800>) to be less than or equal to 30 but got a height of 32.000000. This error will be logged once per view in violation.
2021-05-03 01:24:30.832 firefox-bin[24527:356518] Warning: Expected min height of view: (<NSButton: 0x13dcb7000>) to be less than or equal to 30 but got a height of 32.000000. This error will be logged once per view in violation.
2021-05-03 01:24:30.833 firefox-bin[24527:356518] Warning: Expected min height of view: (<NSButton: 0x13dcb2400>) to be less than or equal to 30 but got a height of 32.000000. This error will be logged once per view in violation.
2021-05-03 01:24:30.833 firefox-bin[24527:356518] Warning: Expected min height of view: (<NSPopoverTouchBarItemButton: 0x13dcb7400>) to be less than or equal to 30 but got a height of 32.000000. This error will be logged once per view in violation.
2021-05-03 01:24:30.834 firefox-bin[24527:356518] Warning: Expected min height of view: (<NSPopoverTouchBarItemButton: 0x13df24000>) to be less than or equal to 30 but got a height of 32.000000. This error will be logged once per view in violation.
1619997871351	Marionette	INFO	Stopped listening on port 52233
console.warn: SearchSettings: "get: No settings file exists, new profile?" (new Error("", "(unknown module)"))
1619997872378	Marionette	INFO	Listening on port 59721
1619997872423	Marionette	WARN	TLS certificate errors will be ignored for this session
JavaScript error: https://webshop.asus.com/de/checkout/addArticle, line 19: SyntaxError: expected expression, got ';'
JavaScript error: https://webshop.asus.com/de/checkout/addArticle line 1 > injectedScript, line 2: TypeError: document.asyncReady is not a function
JavaScript error: https://webshop.asus.com/de/web/cache/1615893741_e29245c70027dfc13dd7966f6a646966.js, line 473: TypeError: window.controller is undefined
JavaScript error: https://webshop.asus.com/de/checkout/addArticle line 1 > injectedScript, line 13: ReferenceError: asyncCallbacks is not defined
JavaScript warning: https://js.datadome.co/tags.js, line 2: unreachable code after return statement
JavaScript warning: https://js.datadome.co/tags.js, line 2: unreachable code after return statement
JavaScript warning: https://js.datadome.co/tags.js, line 2: unreachable code after return statement
JavaScript warning: https://js.datadome.co/tags.js, line 2: unreachable code after return statement
JavaScript warning: https://js.datadome.co/tags.js, line 2: unreachable code after return statement
1620101957402	Marionette	INFO	Stopped listening on port 59721

###!!! [Parent][RunMessage] Error: Channel closing: too late to send/recv, messages will be lost

